#! /usr/bin/vvp
:ivl_version "12.0 (stable)" "(v12_0-dirty)";
:ivl_delay_selection "TYPICAL";
:vpi_time_precision + 0;
:vpi_module "/usr/lib/ivl/system.vpi";
:vpi_module "/usr/lib/ivl/vhdl_sys.vpi";
:vpi_module "/usr/lib/ivl/vhdl_textio.vpi";
:vpi_module "/usr/lib/ivl/v2005_math.vpi";
:vpi_module "/usr/lib/ivl/va_math.vpi";
:vpi_module "/usr/lib/ivl/v2009.vpi";
S_0x5655462f3be0 .scope package, "$unit" "$unit" 2 1;
 .timescale 0 0;
S_0x565546301790 .scope module, "convolution_tb" "convolution_tb" 3 58;
 .timescale 0 0;
v0x565546327390_0 .array/port v0x565546327390, 0;
L_0x5655463278a0 .functor BUFZ 4, v0x565546327390_0, C4<0000>, C4<0000>, C4<0000>;
v0x565546327390_1 .array/port v0x565546327390, 1;
L_0x565546327930 .functor BUFZ 4, v0x565546327390_1, C4<0000>, C4<0000>, C4<0000>;
v0x565546327390_2 .array/port v0x565546327390, 2;
L_0x5655463279a0 .functor BUFZ 4, v0x565546327390_2, C4<0000>, C4<0000>, C4<0000>;
v0x565546327390_3 .array/port v0x565546327390, 3;
L_0x565546327a70 .functor BUFZ 4, v0x565546327390_3, C4<0000>, C4<0000>, C4<0000>;
v0x565546327390_4 .array/port v0x565546327390, 4;
L_0x565546327b70 .functor BUFZ 4, v0x565546327390_4, C4<0000>, C4<0000>, C4<0000>;
v0x565546327390_5 .array/port v0x565546327390, 5;
L_0x565546327c40 .functor BUFZ 4, v0x565546327390_5, C4<0000>, C4<0000>, C4<0000>;
v0x565546327390_6 .array/port v0x565546327390, 6;
L_0x565546327d50 .functor BUFZ 4, v0x565546327390_6, C4<0000>, C4<0000>, C4<0000>;
v0x565546327390_7 .array/port v0x565546327390, 7;
L_0x565546327df0 .functor BUFZ 4, v0x565546327390_7, C4<0000>, C4<0000>, C4<0000>;
v0x565546327180_0 .array/port v0x565546327180, 0;
L_0x565546327f10 .functor BUFZ 4, v0x565546327180_0, C4<0000>, C4<0000>, C4<0000>;
v0x565546327180_1 .array/port v0x565546327180, 1;
L_0x565546327fe0 .functor BUFZ 4, v0x565546327180_1, C4<0000>, C4<0000>, C4<0000>;
v0x565546327180_2 .array/port v0x565546327180, 2;
L_0x565546328110 .functor BUFZ 4, v0x565546327180_2, C4<0000>, C4<0000>, C4<0000>;
v0x565546327180_3 .array/port v0x565546327180, 3;
L_0x5655463281e0 .functor BUFZ 4, v0x565546327180_3, C4<0000>, C4<0000>, C4<0000>;
v0x565546327180_4 .array/port v0x565546327180, 4;
L_0x565546328320 .functor BUFZ 4, v0x565546327180_4, C4<0000>, C4<0000>, C4<0000>;
v0x565546327180_5 .array/port v0x565546327180, 5;
L_0x5655463283f0 .functor BUFZ 4, v0x565546327180_5, C4<0000>, C4<0000>, C4<0000>;
v0x565546327180_6 .array/port v0x565546327180, 6;
L_0x5655463282b0 .functor BUFZ 4, v0x565546327180_6, C4<0000>, C4<0000>, C4<0000>;
v0x565546327180_7 .array/port v0x565546327180, 7;
L_0x5655463285a0 .functor BUFZ 4, v0x565546327180_7, C4<0000>, C4<0000>, C4<0000>;
v0x565546326de0_0 .array/port v0x565546326de0, 0;
L_0x565546328700 .functor BUFZ 4, v0x565546326de0_0, C4<0000>, C4<0000>, C4<0000>;
v0x565546326de0_1 .array/port v0x565546326de0, 1;
L_0x5655463287d0 .functor BUFZ 4, v0x565546326de0_1, C4<0000>, C4<0000>, C4<0000>;
v0x565546326de0_2 .array/port v0x565546326de0, 2;
L_0x565546328940 .functor BUFZ 4, v0x565546326de0_2, C4<0000>, C4<0000>, C4<0000>;
v0x565546326de0_3 .array/port v0x565546326de0, 3;
L_0x565546328a10 .functor BUFZ 4, v0x565546326de0_3, C4<0000>, C4<0000>, C4<0000>;
v0x565546326de0_4 .array/port v0x565546326de0, 4;
L_0x565546328b90 .functor BUFZ 4, v0x565546326de0_4, C4<0000>, C4<0000>, C4<0000>;
v0x565546326de0_5 .array/port v0x565546326de0, 5;
L_0x565546328c60 .functor BUFZ 4, v0x565546326de0_5, C4<0000>, C4<0000>, C4<0000>;
v0x565546326de0_6 .array/port v0x565546326de0, 6;
L_0x565546328df0 .functor BUFZ 4, v0x565546326de0_6, C4<0000>, C4<0000>, C4<0000>;
v0x565546326de0_7 .array/port v0x565546326de0, 7;
L_0x565546328ec0 .functor BUFZ 4, v0x565546326de0_7, C4<0000>, C4<0000>, C4<0000>;
v0x565546326de0_8 .array/port v0x565546326de0, 8;
L_0x565546329060 .functor BUFZ 4, v0x565546326de0_8, C4<0000>, C4<0000>, C4<0000>;
v0x565546326de0_9 .array/port v0x565546326de0, 9;
L_0x565546329130 .functor BUFZ 4, v0x565546326de0_9, C4<0000>, C4<0000>, C4<0000>;
v0x565546326de0_10 .array/port v0x565546326de0, 10;
L_0x5655463292e0 .functor BUFZ 4, v0x565546326de0_10, C4<0000>, C4<0000>, C4<0000>;
v0x565546326de0_11 .array/port v0x565546326de0, 11;
L_0x5655463293b0 .functor BUFZ 4, v0x565546326de0_11, C4<0000>, C4<0000>, C4<0000>;
v0x565546326de0_12 .array/port v0x565546326de0, 12;
L_0x565546329570 .functor BUFZ 4, v0x565546326de0_12, C4<0000>, C4<0000>, C4<0000>;
v0x565546326de0_13 .array/port v0x565546326de0, 13;
L_0x565546329640 .functor BUFZ 4, v0x565546326de0_13, C4<0000>, C4<0000>, C4<0000>;
v0x565546326de0_14 .array/port v0x565546326de0, 14;
L_0x565546329810 .functor BUFZ 4, v0x565546326de0_14, C4<0000>, C4<0000>, C4<0000>;
v0x565546327180 .array "h", 7 0, 3 0;
v0x565546327390 .array "x", 7 0, 3 0;
v0x5655463275a0 .array "y", 14 0;
v0x5655463275a0_0 .net v0x5655463275a0 0, 3 0, L_0x565546328700; 1 drivers
v0x5655463275a0_1 .net v0x5655463275a0 1, 3 0, L_0x5655463287d0; 1 drivers
v0x5655463275a0_2 .net v0x5655463275a0 2, 3 0, L_0x565546328940; 1 drivers
v0x5655463275a0_3 .net v0x5655463275a0 3, 3 0, L_0x565546328a10; 1 drivers
v0x5655463275a0_4 .net v0x5655463275a0 4, 3 0, L_0x565546328b90; 1 drivers
v0x5655463275a0_5 .net v0x5655463275a0 5, 3 0, L_0x565546328c60; 1 drivers
v0x5655463275a0_6 .net v0x5655463275a0 6, 3 0, L_0x565546328df0; 1 drivers
v0x5655463275a0_7 .net v0x5655463275a0 7, 3 0, L_0x565546328ec0; 1 drivers
v0x5655463275a0_8 .net v0x5655463275a0 8, 3 0, L_0x565546329060; 1 drivers
v0x5655463275a0_9 .net v0x5655463275a0 9, 3 0, L_0x565546329130; 1 drivers
v0x5655463275a0_10 .net v0x5655463275a0 10, 3 0, L_0x5655463292e0; 1 drivers
v0x5655463275a0_11 .net v0x5655463275a0 11, 3 0, L_0x5655463293b0; 1 drivers
v0x5655463275a0_12 .net v0x5655463275a0 12, 3 0, L_0x565546329570; 1 drivers
v0x5655463275a0_13 .net v0x5655463275a0 13, 3 0, L_0x565546329640; 1 drivers
v0x5655463275a0_14 .net v0x5655463275a0 14, 3 0, L_0x565546329810; 1 drivers
S_0x565546301920 .scope begin, "$ivl_for_loop0" "$ivl_for_loop0" 3 82, 3 82 0, S_0x565546301790;
 .timescale 0 0;
v0x565546301b00_0 .var/2s "i", 31 0;
S_0x565546325e60 .scope begin, "$ivl_for_loop1" "$ivl_for_loop1" 3 97, 3 97 0, S_0x565546301790;
 .timescale 0 0;
v0x565546326060_0 .var/2s "i", 31 0;
S_0x565546326140 .scope module, "dut" "convolution" 3 64, 4 21 0, S_0x565546301790;
 .timescale 0 0;
    .port_info 0 /INPUT 32 "x";
    .port_info 1 /INPUT 32 "h";
    .port_info 2 /OUTPUT 60 "y";
v0x565546326490 .array "h", 7 0;
v0x565546326490_0 .net v0x565546326490 0, 3 0, L_0x565546327f10; 1 drivers
v0x565546326490_1 .net v0x565546326490 1, 3 0, L_0x565546327fe0; 1 drivers
v0x565546326490_2 .net v0x565546326490 2, 3 0, L_0x565546328110; 1 drivers
v0x565546326490_3 .net v0x565546326490 3, 3 0, L_0x5655463281e0; 1 drivers
v0x565546326490_4 .net v0x565546326490 4, 3 0, L_0x565546328320; 1 drivers
v0x565546326490_5 .net v0x565546326490 5, 3 0, L_0x5655463283f0; 1 drivers
v0x565546326490_6 .net v0x565546326490 6, 3 0, L_0x5655463282b0; 1 drivers
v0x565546326490_7 .net v0x565546326490 7, 3 0, L_0x5655463285a0; 1 drivers
v0x5655463266c0_0 .var/i "i", 31 0;
v0x5655463267a0_0 .var/i "j", 31 0;
v0x565546326860 .array "temp", 14 0, 7 0;
v0x565546326b80 .array "x", 7 0;
v0x565546326b80_0 .net v0x565546326b80 0, 3 0, L_0x5655463278a0; 1 drivers
v0x565546326b80_1 .net v0x565546326b80 1, 3 0, L_0x565546327930; 1 drivers
v0x565546326b80_2 .net v0x565546326b80 2, 3 0, L_0x5655463279a0; 1 drivers
v0x565546326b80_3 .net v0x565546326b80 3, 3 0, L_0x565546327a70; 1 drivers
v0x565546326b80_4 .net v0x565546326b80 4, 3 0, L_0x565546327b70; 1 drivers
v0x565546326b80_5 .net v0x565546326b80 5, 3 0, L_0x565546327c40; 1 drivers
v0x565546326b80_6 .net v0x565546326b80 6, 3 0, L_0x565546327d50; 1 drivers
v0x565546326b80_7 .net v0x565546326b80 7, 3 0, L_0x565546327df0; 1 drivers
v0x565546326de0 .array "y", 14 0, 3 0;
v0x565546326860_0 .array/port v0x565546326860, 0;
v0x565546326860_1 .array/port v0x565546326860, 1;
v0x565546326860_2 .array/port v0x565546326860, 2;
v0x565546326860_3 .array/port v0x565546326860, 3;
E_0x5655462fe150/0 .event anyedge, v0x565546326860_0, v0x565546326860_1, v0x565546326860_2, v0x565546326860_3;
v0x565546326860_4 .array/port v0x565546326860, 4;
v0x565546326860_5 .array/port v0x565546326860, 5;
v0x565546326860_6 .array/port v0x565546326860, 6;
v0x565546326860_7 .array/port v0x565546326860, 7;
E_0x5655462fe150/1 .event anyedge, v0x565546326860_4, v0x565546326860_5, v0x565546326860_6, v0x565546326860_7;
v0x565546326860_8 .array/port v0x565546326860, 8;
v0x565546326860_9 .array/port v0x565546326860, 9;
v0x565546326860_10 .array/port v0x565546326860, 10;
v0x565546326860_11 .array/port v0x565546326860, 11;
E_0x5655462fe150/2 .event anyedge, v0x565546326860_8, v0x565546326860_9, v0x565546326860_10, v0x565546326860_11;
v0x565546326860_12 .array/port v0x565546326860, 12;
v0x565546326860_13 .array/port v0x565546326860, 13;
v0x565546326860_14 .array/port v0x565546326860, 14;
E_0x5655462fe150/3 .event anyedge, v0x565546326860_12, v0x565546326860_13, v0x565546326860_14, v0x565546326b80_0;
E_0x5655462fe150/4 .event anyedge, v0x565546326b80_1, v0x565546326b80_2, v0x565546326b80_3, v0x565546326b80_4;
E_0x5655462fe150/5 .event anyedge, v0x565546326b80_5, v0x565546326b80_6, v0x565546326b80_7, v0x565546326490_0;
E_0x5655462fe150/6 .event anyedge, v0x565546326490_1, v0x565546326490_2, v0x565546326490_3, v0x565546326490_4;
E_0x5655462fe150/7 .event anyedge, v0x565546326490_5, v0x565546326490_6, v0x565546326490_7;
E_0x5655462fe150 .event/or E_0x5655462fe150/0, E_0x5655462fe150/1, E_0x5655462fe150/2, E_0x5655462fe150/3, E_0x5655462fe150/4, E_0x5655462fe150/5, E_0x5655462fe150/6, E_0x5655462fe150/7;
    .scope S_0x565546326140;
T_0 ;
    %wait E_0x5655462fe150;
    %pushi/vec4 0, 0, 32;
    %store/vec4 v0x5655463266c0_0, 0, 32;
T_0.0 ;
    %load/vec4 v0x5655463266c0_0;
    %cmpi/s 15, 0, 32;
    %jmp/0xz T_0.1, 5;
    %pushi/vec4 0, 0, 8;
    %ix/getv/s 4, v0x5655463266c0_0;
    %store/vec4a v0x565546326860, 4, 0;
    %load/vec4 v0x5655463266c0_0;
    %addi 1, 0, 32;
    %store/vec4 v0x5655463266c0_0, 0, 32;
    %jmp T_0.0;
T_0.1 ;
    %pushi/vec4 0, 0, 32;
    %store/vec4 v0x5655463266c0_0, 0, 32;
T_0.2 ;
    %load/vec4 v0x5655463266c0_0;
    %cmpi/s 8, 0, 32;
    %jmp/0xz T_0.3, 5;
    %pushi/vec4 0, 0, 32;
    %store/vec4 v0x5655463267a0_0, 0, 32;
T_0.4 ;
    %load/vec4 v0x5655463267a0_0;
    %cmpi/s 8, 0, 32;
    %jmp/0xz T_0.5, 5;
    %load/vec4 v0x5655463266c0_0;
    %load/vec4 v0x5655463267a0_0;
    %add;
    %ix/vec4/s 4;
    %load/vec4a v0x565546326860, 4;
    %ix/getv/s 4, v0x5655463266c0_0;
    %load/vec4a v0x565546326b80, 4;
    %pad/u 8;
    %ix/getv/s 4, v0x5655463267a0_0;
    %load/vec4a v0x565546326490, 4;
    %pad/u 8;
    %mul;
    %add;
    %load/vec4 v0x5655463266c0_0;
    %load/vec4 v0x5655463267a0_0;
    %add;
    %ix/vec4/s 4;
    %store/vec4a v0x565546326860, 4, 0;
    %load/vec4 v0x5655463267a0_0;
    %addi 1, 0, 32;
    %store/vec4 v0x5655463267a0_0, 0, 32;
    %jmp T_0.4;
T_0.5 ;
    %load/vec4 v0x5655463266c0_0;
    %addi 1, 0, 32;
    %store/vec4 v0x5655463266c0_0, 0, 32;
    %jmp T_0.2;
T_0.3 ;
    %pushi/vec4 0, 0, 32;
    %store/vec4 v0x5655463266c0_0, 0, 32;
T_0.6 ;
    %load/vec4 v0x5655463266c0_0;
    %cmpi/s 15, 0, 32;
    %jmp/0xz T_0.7, 5;
    %ix/getv/s 4, v0x5655463266c0_0;
    %load/vec4a v0x565546326860, 4;
    %parti/s 4, 0, 2;
    %ix/getv/s 4, v0x5655463266c0_0;
    %store/vec4a v0x565546326de0, 4, 0;
    %load/vec4 v0x5655463266c0_0;
    %addi 1, 0, 32;
    %store/vec4 v0x5655463266c0_0, 0, 32;
    %jmp T_0.6;
T_0.7 ;
    %jmp T_0;
    .thread T_0, $push;
    .scope S_0x565546301790;
T_1 ;
    %pushi/vec4 1, 0, 4;
    %ix/load 4, 0, 0;
    %flag_set/imm 4, 0;
    %store/vec4a v0x565546327390, 4, 0;
    %pushi/vec4 2, 0, 4;
    %ix/load 4, 1, 0;
    %flag_set/imm 4, 0;
    %store/vec4a v0x565546327390, 4, 0;
    %pushi/vec4 3, 0, 4;
    %ix/load 4, 2, 0;
    %flag_set/imm 4, 0;
    %store/vec4a v0x565546327390, 4, 0;
    %pushi/vec4 4, 0, 4;
    %ix/load 4, 3, 0;
    %flag_set/imm 4, 0;
    %store/vec4a v0x565546327390, 4, 0;
    %pushi/vec4 5, 0, 4;
    %ix/load 4, 4, 0;
    %flag_set/imm 4, 0;
    %store/vec4a v0x565546327390, 4, 0;
    %pushi/vec4 6, 0, 4;
    %ix/load 4, 5, 0;
    %flag_set/imm 4, 0;
    %store/vec4a v0x565546327390, 4, 0;
    %pushi/vec4 7, 0, 4;
    %ix/load 4, 6, 0;
    %flag_set/imm 4, 0;
    %store/vec4a v0x565546327390, 4, 0;
    %pushi/vec4 8, 0, 4;
    %ix/load 4, 7, 0;
    %flag_set/imm 4, 0;
    %store/vec4a v0x565546327390, 4, 0;
    %pushi/vec4 1, 0, 4;
    %ix/load 4, 0, 0;
    %flag_set/imm 4, 0;
    %store/vec4a v0x565546327180, 4, 0;
    %pushi/vec4 1, 0, 4;
    %ix/load 4, 1, 0;
    %flag_set/imm 4, 0;
    %store/vec4a v0x565546327180, 4, 0;
    %pushi/vec4 1, 0, 4;
    %ix/load 4, 2, 0;
    %flag_set/imm 4, 0;
    %store/vec4a v0x565546327180, 4, 0;
    %pushi/vec4 1, 0, 4;
    %ix/load 4, 3, 0;
    %flag_set/imm 4, 0;
    %store/vec4a v0x565546327180, 4, 0;
    %pushi/vec4 1, 0, 4;
    %ix/load 4, 4, 0;
    %flag_set/imm 4, 0;
    %store/vec4a v0x565546327180, 4, 0;
    %pushi/vec4 1, 0, 4;
    %ix/load 4, 5, 0;
    %flag_set/imm 4, 0;
    %store/vec4a v0x565546327180, 4, 0;
    %pushi/vec4 1, 0, 4;
    %ix/load 4, 6, 0;
    %flag_set/imm 4, 0;
    %store/vec4a v0x565546327180, 4, 0;
    %pushi/vec4 1, 0, 4;
    %ix/load 4, 7, 0;
    %flag_set/imm 4, 0;
    %store/vec4a v0x565546327180, 4, 0;
    %delay 10, 0;
    %vpi_call/w 3 81 "$display", "Test Case 1 Results:" {0 0 0};
    %fork t_1, S_0x565546301920;
    %jmp t_0;
    .scope S_0x565546301920;
t_1 ;
    %pushi/vec4 0, 0, 32;
    %store/vec4 v0x565546301b00_0, 0, 32;
T_1.0 ;
    %load/vec4 v0x565546301b00_0;
    %cmpi/s 15, 0, 32;
    %jmp/0xz T_1.1, 5;
    %vpi_call/w 3 83 "$display", "y[%0d] = %0d", v0x565546301b00_0, &A<v0x5655463275a0, v0x565546301b00_0 > {0 0 0};
    %load/vec4 v0x565546301b00_0;
    %addi 1, 0, 32;
    %cast2;
    %store/vec4 v0x565546301b00_0, 0, 32;
    %jmp T_1.0;
T_1.1 ;
    %end;
    .scope S_0x565546301790;
t_0 %join;
    %pushi/vec4 1, 0, 4;
    %ix/load 4, 0, 0;
    %flag_set/imm 4, 0;
    %store/vec4a v0x565546327390, 4, 0;
    %pushi/vec4 1, 0, 4;
    %ix/load 4, 1, 0;
    %flag_set/imm 4, 0;
    %store/vec4a v0x565546327390, 4, 0;
    %pushi/vec4 1, 0, 4;
    %ix/load 4, 2, 0;
    %flag_set/imm 4, 0;
    %store/vec4a v0x565546327390, 4, 0;
    %pushi/vec4 1, 0, 4;
    %ix/load 4, 3, 0;
    %flag_set/imm 4, 0;
    %store/vec4a v0x565546327390, 4, 0;
    %pushi/vec4 1, 0, 4;
    %ix/load 4, 4, 0;
    %flag_set/imm 4, 0;
    %store/vec4a v0x565546327390, 4, 0;
    %pushi/vec4 1, 0, 4;
    %ix/load 4, 5, 0;
    %flag_set/imm 4, 0;
    %store/vec4a v0x565546327390, 4, 0;
    %pushi/vec4 1, 0, 4;
    %ix/load 4, 6, 0;
    %flag_set/imm 4, 0;
    %store/vec4a v0x565546327390, 4, 0;
    %pushi/vec4 1, 0, 4;
    %ix/load 4, 7, 0;
    %flag_set/imm 4, 0;
    %store/vec4a v0x565546327390, 4, 0;
    %pushi/vec4 1, 0, 4;
    %ix/load 4, 0, 0;
    %flag_set/imm 4, 0;
    %store/vec4a v0x565546327180, 4, 0;
    %pushi/vec4 1, 0, 4;
    %ix/load 4, 1, 0;
    %flag_set/imm 4, 0;
    %store/vec4a v0x565546327180, 4, 0;
    %pushi/vec4 1, 0, 4;
    %ix/load 4, 2, 0;
    %flag_set/imm 4, 0;
    %store/vec4a v0x565546327180, 4, 0;
    %pushi/vec4 1, 0, 4;
    %ix/load 4, 3, 0;
    %flag_set/imm 4, 0;
    %store/vec4a v0x565546327180, 4, 0;
    %pushi/vec4 1, 0, 4;
    %ix/load 4, 4, 0;
    %flag_set/imm 4, 0;
    %store/vec4a v0x565546327180, 4, 0;
    %pushi/vec4 1, 0, 4;
    %ix/load 4, 5, 0;
    %flag_set/imm 4, 0;
    %store/vec4a v0x565546327180, 4, 0;
    %pushi/vec4 1, 0, 4;
    %ix/load 4, 6, 0;
    %flag_set/imm 4, 0;
    %store/vec4a v0x565546327180, 4, 0;
    %pushi/vec4 1, 0, 4;
    %ix/load 4, 7, 0;
    %flag_set/imm 4, 0;
    %store/vec4a v0x565546327180, 4, 0;
    %delay 10, 0;
    %vpi_call/w 3 96 "$display", "Test Case 2 Results:" {0 0 0};
    %fork t_3, S_0x565546325e60;
    %jmp t_2;
    .scope S_0x565546325e60;
t_3 ;
    %pushi/vec4 0, 0, 32;
    %store/vec4 v0x565546326060_0, 0, 32;
T_1.2 ;
    %load/vec4 v0x565546326060_0;
    %cmpi/s 15, 0, 32;
    %jmp/0xz T_1.3, 5;
    %vpi_call/w 3 98 "$display", "y[%0d] = %0d", v0x565546326060_0, &A<v0x5655463275a0, v0x565546326060_0 > {0 0 0};
    %load/vec4 v0x565546326060_0;
    %addi 1, 0, 32;
    %cast2;
    %store/vec4 v0x565546326060_0, 0, 32;
    %jmp T_1.2;
T_1.3 ;
    %end;
    .scope S_0x565546301790;
t_2 %join;
    %vpi_call/w 3 101 "$finish" {0 0 0};
    %end;
    .thread T_1;
# The file index is used to find the file name in the following table.
:file_names 5;
    "N/A";
    "<interactive>";
    "-";
    "convolve_tb.v";
    "convolve.v";
