#! /usr/bin/vvp
:ivl_version "12.0 (stable)" "(v12_0-dirty)";
:ivl_delay_selection "TYPICAL";
:vpi_time_precision - 12;
:vpi_module "/usr/lib/ivl/system.vpi";
:vpi_module "/usr/lib/ivl/vhdl_sys.vpi";
:vpi_module "/usr/lib/ivl/vhdl_textio.vpi";
:vpi_module "/usr/lib/ivl/v2005_math.vpi";
:vpi_module "/usr/lib/ivl/va_math.vpi";
:vpi_module "/usr/lib/ivl/v2009.vpi";
S_0x5b20921b3d60 .scope package, "$unit" "$unit" 2 1;
 .timescale 0 0;
S_0x5b20921bf790 .scope module, "convolution_tb" "convolution_tb" 3 2;
 .timescale -9 -12;
v0x5b20921ea090_0 .array/port v0x5b20921ea090, 0;
L_0x5b20921ea5a0 .functor BUFZ 4, v0x5b20921ea090_0, C4<0000>, C4<0000>, C4<0000>;
v0x5b20921ea090_1 .array/port v0x5b20921ea090, 1;
L_0x5b20921ea630 .functor BUFZ 4, v0x5b20921ea090_1, C4<0000>, C4<0000>, C4<0000>;
v0x5b20921ea090_2 .array/port v0x5b20921ea090, 2;
L_0x5b20921ea6a0 .functor BUFZ 4, v0x5b20921ea090_2, C4<0000>, C4<0000>, C4<0000>;
v0x5b20921ea090_3 .array/port v0x5b20921ea090, 3;
L_0x5b20921ea740 .functor BUFZ 4, v0x5b20921ea090_3, C4<0000>, C4<0000>, C4<0000>;
v0x5b20921ea090_4 .array/port v0x5b20921ea090, 4;
L_0x5b20921ea840 .functor BUFZ 4, v0x5b20921ea090_4, C4<0000>, C4<0000>, C4<0000>;
v0x5b20921ea090_5 .array/port v0x5b20921ea090, 5;
L_0x5b20921ea910 .functor BUFZ 4, v0x5b20921ea090_5, C4<0000>, C4<0000>, C4<0000>;
v0x5b20921ea090_6 .array/port v0x5b20921ea090, 6;
L_0x5b20921eaa20 .functor BUFZ 4, v0x5b20921ea090_6, C4<0000>, C4<0000>, C4<0000>;
v0x5b20921ea090_7 .array/port v0x5b20921ea090, 7;
L_0x5b20921eaac0 .functor BUFZ 4, v0x5b20921ea090_7, C4<0000>, C4<0000>, C4<0000>;
v0x5b20921e9e80_0 .array/port v0x5b20921e9e80, 0;
L_0x5b20921eabe0 .functor BUFZ 4, v0x5b20921e9e80_0, C4<0000>, C4<0000>, C4<0000>;
v0x5b20921e9e80_1 .array/port v0x5b20921e9e80, 1;
L_0x5b20921eacb0 .functor BUFZ 4, v0x5b20921e9e80_1, C4<0000>, C4<0000>, C4<0000>;
v0x5b20921e9e80_2 .array/port v0x5b20921e9e80, 2;
L_0x5b20921eade0 .functor BUFZ 4, v0x5b20921e9e80_2, C4<0000>, C4<0000>, C4<0000>;
v0x5b20921e9e80_3 .array/port v0x5b20921e9e80, 3;
L_0x5b20921eaeb0 .functor BUFZ 4, v0x5b20921e9e80_3, C4<0000>, C4<0000>, C4<0000>;
v0x5b20921e9e80_4 .array/port v0x5b20921e9e80, 4;
L_0x5b20921eaff0 .functor BUFZ 4, v0x5b20921e9e80_4, C4<0000>, C4<0000>, C4<0000>;
v0x5b20921e9e80_5 .array/port v0x5b20921e9e80, 5;
L_0x5b20921eb0c0 .functor BUFZ 4, v0x5b20921e9e80_5, C4<0000>, C4<0000>, C4<0000>;
v0x5b20921e9e80_6 .array/port v0x5b20921e9e80, 6;
L_0x5b20921eaf80 .functor BUFZ 4, v0x5b20921e9e80_6, C4<0000>, C4<0000>, C4<0000>;
v0x5b20921e9e80_7 .array/port v0x5b20921e9e80, 7;
L_0x5b20921eb270 .functor BUFZ 4, v0x5b20921e9e80_7, C4<0000>, C4<0000>, C4<0000>;
v0x5b20921e9ae0_0 .array/port v0x5b20921e9ae0, 0;
L_0x5b20921eb3d0 .functor BUFZ 4, v0x5b20921e9ae0_0, C4<0000>, C4<0000>, C4<0000>;
v0x5b20921e9ae0_1 .array/port v0x5b20921e9ae0, 1;
L_0x5b20921eb4a0 .functor BUFZ 4, v0x5b20921e9ae0_1, C4<0000>, C4<0000>, C4<0000>;
v0x5b20921e9ae0_2 .array/port v0x5b20921e9ae0, 2;
L_0x5b20921eb610 .functor BUFZ 4, v0x5b20921e9ae0_2, C4<0000>, C4<0000>, C4<0000>;
v0x5b20921e9ae0_3 .array/port v0x5b20921e9ae0, 3;
L_0x5b20921eb6e0 .functor BUFZ 4, v0x5b20921e9ae0_3, C4<0000>, C4<0000>, C4<0000>;
v0x5b20921e9ae0_4 .array/port v0x5b20921e9ae0, 4;
L_0x5b20921eb860 .functor BUFZ 4, v0x5b20921e9ae0_4, C4<0000>, C4<0000>, C4<0000>;
v0x5b20921e9ae0_5 .array/port v0x5b20921e9ae0, 5;
L_0x5b20921eb930 .functor BUFZ 4, v0x5b20921e9ae0_5, C4<0000>, C4<0000>, C4<0000>;
v0x5b20921e9ae0_6 .array/port v0x5b20921e9ae0, 6;
L_0x5b20921ebac0 .functor BUFZ 4, v0x5b20921e9ae0_6, C4<0000>, C4<0000>, C4<0000>;
v0x5b20921e9ae0_7 .array/port v0x5b20921e9ae0, 7;
L_0x5b20921ebb90 .functor BUFZ 4, v0x5b20921e9ae0_7, C4<0000>, C4<0000>, C4<0000>;
v0x5b20921e9ae0_8 .array/port v0x5b20921e9ae0, 8;
L_0x5b20921ebd30 .functor BUFZ 4, v0x5b20921e9ae0_8, C4<0000>, C4<0000>, C4<0000>;
v0x5b20921e9ae0_9 .array/port v0x5b20921e9ae0, 9;
L_0x5b20921ebe00 .functor BUFZ 4, v0x5b20921e9ae0_9, C4<0000>, C4<0000>, C4<0000>;
v0x5b20921e9ae0_10 .array/port v0x5b20921e9ae0, 10;
L_0x5b20921ebfb0 .functor BUFZ 4, v0x5b20921e9ae0_10, C4<0000>, C4<0000>, C4<0000>;
v0x5b20921e9ae0_11 .array/port v0x5b20921e9ae0, 11;
L_0x5b20921ec080 .functor BUFZ 4, v0x5b20921e9ae0_11, C4<0000>, C4<0000>, C4<0000>;
v0x5b20921e9ae0_12 .array/port v0x5b20921e9ae0, 12;
L_0x5b20921ec240 .functor BUFZ 4, v0x5b20921e9ae0_12, C4<0000>, C4<0000>, C4<0000>;
v0x5b20921e9ae0_13 .array/port v0x5b20921e9ae0, 13;
L_0x5b20921ec310 .functor BUFZ 4, v0x5b20921e9ae0_13, C4<0000>, C4<0000>, C4<0000>;
v0x5b20921e9ae0_14 .array/port v0x5b20921e9ae0, 14;
L_0x5b20921ec4e0 .functor BUFZ 4, v0x5b20921e9ae0_14, C4<0000>, C4<0000>, C4<0000>;
v0x5b20921e9e80 .array "h", 7 0, 3 0;
v0x5b20921ea090 .array "x", 7 0, 3 0;
v0x5b20921ea2a0 .array "y", 14 0;
v0x5b20921ea2a0_0 .net v0x5b20921ea2a0 0, 3 0, L_0x5b20921eb3d0; 1 drivers
v0x5b20921ea2a0_1 .net v0x5b20921ea2a0 1, 3 0, L_0x5b20921eb4a0; 1 drivers
v0x5b20921ea2a0_2 .net v0x5b20921ea2a0 2, 3 0, L_0x5b20921eb610; 1 drivers
v0x5b20921ea2a0_3 .net v0x5b20921ea2a0 3, 3 0, L_0x5b20921eb6e0; 1 drivers
v0x5b20921ea2a0_4 .net v0x5b20921ea2a0 4, 3 0, L_0x5b20921eb860; 1 drivers
v0x5b20921ea2a0_5 .net v0x5b20921ea2a0 5, 3 0, L_0x5b20921eb930; 1 drivers
v0x5b20921ea2a0_6 .net v0x5b20921ea2a0 6, 3 0, L_0x5b20921ebac0; 1 drivers
v0x5b20921ea2a0_7 .net v0x5b20921ea2a0 7, 3 0, L_0x5b20921ebb90; 1 drivers
v0x5b20921ea2a0_8 .net v0x5b20921ea2a0 8, 3 0, L_0x5b20921ebd30; 1 drivers
v0x5b20921ea2a0_9 .net v0x5b20921ea2a0 9, 3 0, L_0x5b20921ebe00; 1 drivers
v0x5b20921ea2a0_10 .net v0x5b20921ea2a0 10, 3 0, L_0x5b20921ebfb0; 1 drivers
v0x5b20921ea2a0_11 .net v0x5b20921ea2a0 11, 3 0, L_0x5b20921ec080; 1 drivers
v0x5b20921ea2a0_12 .net v0x5b20921ea2a0 12, 3 0, L_0x5b20921ec240; 1 drivers
v0x5b20921ea2a0_13 .net v0x5b20921ea2a0 13, 3 0, L_0x5b20921ec310; 1 drivers
v0x5b20921ea2a0_14 .net v0x5b20921ea2a0 14, 3 0, L_0x5b20921ec4e0; 1 drivers
S_0x5b20921bf920 .scope begin, "$ivl_for_loop0" "$ivl_for_loop0" 3 18, 3 18 0, S_0x5b20921bf790;
 .timescale -9 -12;
v0x5b20921bfb00_0 .var/i "i", 31 0;
S_0x5b20921e8550 .scope begin, "$ivl_for_loop1" "$ivl_for_loop1" 3 23, 3 23 0, S_0x5b20921bf790;
 .timescale -9 -12;
v0x5b20921e8750_0 .var/i "i", 31 0;
S_0x5b20921e8830 .scope begin, "$ivl_for_loop2" "$ivl_for_loop2" 3 37, 3 37 0, S_0x5b20921bf790;
 .timescale -9 -12;
v0x5b20921e8a10_0 .var/2s "i", 31 0;
S_0x5b20921e8af0 .scope begin, "$ivl_for_loop3" "$ivl_for_loop3" 3 51, 3 51 0, S_0x5b20921bf790;
 .timescale -9 -12;
v0x5b20921e8cd0_0 .var/2s "i", 31 0;
S_0x5b20921e8dd0 .scope module, "dut" "convolution" 3 7, 4 21 0, S_0x5b20921bf790;
 .timescale 0 0;
    .port_info 0 /INPUT 32 "x";
    .port_info 1 /INPUT 32 "h";
    .port_info 2 /OUTPUT 60 "y";
v0x5b20921e9190 .array "h", 7 0;
v0x5b20921e9190_0 .net v0x5b20921e9190 0, 3 0, L_0x5b20921eabe0; 1 drivers
v0x5b20921e9190_1 .net v0x5b20921e9190 1, 3 0, L_0x5b20921eacb0; 1 drivers
v0x5b20921e9190_2 .net v0x5b20921e9190 2, 3 0, L_0x5b20921eade0; 1 drivers
v0x5b20921e9190_3 .net v0x5b20921e9190 3, 3 0, L_0x5b20921eaeb0; 1 drivers
v0x5b20921e9190_4 .net v0x5b20921e9190 4, 3 0, L_0x5b20921eaff0; 1 drivers
v0x5b20921e9190_5 .net v0x5b20921e9190 5, 3 0, L_0x5b20921eb0c0; 1 drivers
v0x5b20921e9190_6 .net v0x5b20921e9190 6, 3 0, L_0x5b20921eaf80; 1 drivers
v0x5b20921e9190_7 .net v0x5b20921e9190 7, 3 0, L_0x5b20921eb270; 1 drivers
v0x5b20921e93c0_0 .var/i "i", 31 0;
v0x5b20921e94a0_0 .var/i "j", 31 0;
v0x5b20921e9560 .array "temp", 14 0, 7 0;
v0x5b20921e9880 .array "x", 7 0;
v0x5b20921e9880_0 .net v0x5b20921e9880 0, 3 0, L_0x5b20921ea5a0; 1 drivers
v0x5b20921e9880_1 .net v0x5b20921e9880 1, 3 0, L_0x5b20921ea630; 1 drivers
v0x5b20921e9880_2 .net v0x5b20921e9880 2, 3 0, L_0x5b20921ea6a0; 1 drivers
v0x5b20921e9880_3 .net v0x5b20921e9880 3, 3 0, L_0x5b20921ea740; 1 drivers
v0x5b20921e9880_4 .net v0x5b20921e9880 4, 3 0, L_0x5b20921ea840; 1 drivers
v0x5b20921e9880_5 .net v0x5b20921e9880 5, 3 0, L_0x5b20921ea910; 1 drivers
v0x5b20921e9880_6 .net v0x5b20921e9880 6, 3 0, L_0x5b20921eaa20; 1 drivers
v0x5b20921e9880_7 .net v0x5b20921e9880 7, 3 0, L_0x5b20921eaac0; 1 drivers
v0x5b20921e9ae0 .array "y", 14 0, 3 0;
v0x5b20921e9560_0 .array/port v0x5b20921e9560, 0;
v0x5b20921e9560_1 .array/port v0x5b20921e9560, 1;
v0x5b20921e9560_2 .array/port v0x5b20921e9560, 2;
v0x5b20921e9560_3 .array/port v0x5b20921e9560, 3;
E_0x5b20921bc150/0 .event anyedge, v0x5b20921e9560_0, v0x5b20921e9560_1, v0x5b20921e9560_2, v0x5b20921e9560_3;
v0x5b20921e9560_4 .array/port v0x5b20921e9560, 4;
v0x5b20921e9560_5 .array/port v0x5b20921e9560, 5;
v0x5b20921e9560_6 .array/port v0x5b20921e9560, 6;
v0x5b20921e9560_7 .array/port v0x5b20921e9560, 7;
E_0x5b20921bc150/1 .event anyedge, v0x5b20921e9560_4, v0x5b20921e9560_5, v0x5b20921e9560_6, v0x5b20921e9560_7;
v0x5b20921e9560_8 .array/port v0x5b20921e9560, 8;
v0x5b20921e9560_9 .array/port v0x5b20921e9560, 9;
v0x5b20921e9560_10 .array/port v0x5b20921e9560, 10;
v0x5b20921e9560_11 .array/port v0x5b20921e9560, 11;
E_0x5b20921bc150/2 .event anyedge, v0x5b20921e9560_8, v0x5b20921e9560_9, v0x5b20921e9560_10, v0x5b20921e9560_11;
v0x5b20921e9560_12 .array/port v0x5b20921e9560, 12;
v0x5b20921e9560_13 .array/port v0x5b20921e9560, 13;
v0x5b20921e9560_14 .array/port v0x5b20921e9560, 14;
E_0x5b20921bc150/3 .event anyedge, v0x5b20921e9560_12, v0x5b20921e9560_13, v0x5b20921e9560_14, v0x5b20921e9880_0;
E_0x5b20921bc150/4 .event anyedge, v0x5b20921e9880_1, v0x5b20921e9880_2, v0x5b20921e9880_3, v0x5b20921e9880_4;
E_0x5b20921bc150/5 .event anyedge, v0x5b20921e9880_5, v0x5b20921e9880_6, v0x5b20921e9880_7, v0x5b20921e9190_0;
E_0x5b20921bc150/6 .event anyedge, v0x5b20921e9190_1, v0x5b20921e9190_2, v0x5b20921e9190_3, v0x5b20921e9190_4;
E_0x5b20921bc150/7 .event anyedge, v0x5b20921e9190_5, v0x5b20921e9190_6, v0x5b20921e9190_7;
E_0x5b20921bc150 .event/or E_0x5b20921bc150/0, E_0x5b20921bc150/1, E_0x5b20921bc150/2, E_0x5b20921bc150/3, E_0x5b20921bc150/4, E_0x5b20921bc150/5, E_0x5b20921bc150/6, E_0x5b20921bc150/7;
    .scope S_0x5b20921e8dd0;
T_0 ;
    %wait E_0x5b20921bc150;
    %pushi/vec4 0, 0, 32;
    %store/vec4 v0x5b20921e93c0_0, 0, 32;
T_0.0 ;
    %load/vec4 v0x5b20921e93c0_0;
    %cmpi/s 15, 0, 32;
    %jmp/0xz T_0.1, 5;
    %pushi/vec4 0, 0, 8;
    %ix/getv/s 4, v0x5b20921e93c0_0;
    %store/vec4a v0x5b20921e9560, 4, 0;
    %load/vec4 v0x5b20921e93c0_0;
    %addi 1, 0, 32;
    %store/vec4 v0x5b20921e93c0_0, 0, 32;
    %jmp T_0.0;
T_0.1 ;
    %pushi/vec4 0, 0, 32;
    %store/vec4 v0x5b20921e93c0_0, 0, 32;
T_0.2 ;
    %load/vec4 v0x5b20921e93c0_0;
    %cmpi/s 8, 0, 32;
    %jmp/0xz T_0.3, 5;
    %pushi/vec4 0, 0, 32;
    %store/vec4 v0x5b20921e94a0_0, 0, 32;
T_0.4 ;
    %load/vec4 v0x5b20921e94a0_0;
    %cmpi/s 8, 0, 32;
    %jmp/0xz T_0.5, 5;
    %load/vec4 v0x5b20921e93c0_0;
    %load/vec4 v0x5b20921e94a0_0;
    %add;
    %ix/vec4/s 4;
    %load/vec4a v0x5b20921e9560, 4;
    %ix/getv/s 4, v0x5b20921e93c0_0;
    %load/vec4a v0x5b20921e9880, 4;
    %pad/u 8;
    %ix/getv/s 4, v0x5b20921e94a0_0;
    %load/vec4a v0x5b20921e9190, 4;
    %pad/u 8;
    %mul;
    %add;
    %load/vec4 v0x5b20921e93c0_0;
    %load/vec4 v0x5b20921e94a0_0;
    %add;
    %ix/vec4/s 4;
    %store/vec4a v0x5b20921e9560, 4, 0;
    %load/vec4 v0x5b20921e94a0_0;
    %addi 1, 0, 32;
    %store/vec4 v0x5b20921e94a0_0, 0, 32;
    %jmp T_0.4;
T_0.5 ;
    %load/vec4 v0x5b20921e93c0_0;
    %addi 1, 0, 32;
    %store/vec4 v0x5b20921e93c0_0, 0, 32;
    %jmp T_0.2;
T_0.3 ;
    %pushi/vec4 0, 0, 32;
    %store/vec4 v0x5b20921e93c0_0, 0, 32;
T_0.6 ;
    %load/vec4 v0x5b20921e93c0_0;
    %cmpi/s 15, 0, 32;
    %jmp/0xz T_0.7, 5;
    %ix/getv/s 4, v0x5b20921e93c0_0;
    %load/vec4a v0x5b20921e9560, 4;
    %parti/s 4, 0, 2;
    %ix/getv/s 4, v0x5b20921e93c0_0;
    %store/vec4a v0x5b20921e9ae0, 4, 0;
    %load/vec4 v0x5b20921e93c0_0;
    %addi 1, 0, 32;
    %store/vec4 v0x5b20921e93c0_0, 0, 32;
    %jmp T_0.6;
T_0.7 ;
    %jmp T_0;
    .thread T_0, $push;
    .scope S_0x5b20921bf790;
T_1 ;
    %vpi_call/w 3 14 "$dumpfile", "wave1.vcd" {0 0 0};
    %vpi_call/w 3 15 "$dumpvars", 32'sb00000000000000000000000000000000, S_0x5b20921bf790 {0 0 0};
    %fork t_1, S_0x5b20921bf920;
    %jmp t_0;
    .scope S_0x5b20921bf920;
t_1 ;
    %pushi/vec4 0, 0, 32;
    %store/vec4 v0x5b20921bfb00_0, 0, 32;
T_1.0 ;
    %load/vec4 v0x5b20921bfb00_0;
    %cmpi/s 8, 0, 32;
    %jmp/0xz T_1.1, 5;
    %vpi_call/w 3 19 "$dumpvars", 32'sb00000000000000000000000000000000, &A<v0x5b20921ea090, v0x5b20921bfb00_0 > {0 0 0};
    %vpi_call/w 3 20 "$dumpvars", 32'sb00000000000000000000000000000000, &A<v0x5b20921e9e80, v0x5b20921bfb00_0 > {0 0 0};
    ; show_stmt_assign_vector: Get l-value for compressed += operand
    %load/vec4 v0x5b20921bfb00_0;
    %pushi/vec4 1, 0, 32;
    %add;
    %store/vec4 v0x5b20921bfb00_0, 0, 32;
    %jmp T_1.0;
T_1.1 ;
    %end;
    .scope S_0x5b20921bf790;
t_0 %join;
    %fork t_3, S_0x5b20921e8550;
    %jmp t_2;
    .scope S_0x5b20921e8550;
t_3 ;
    %pushi/vec4 0, 0, 32;
    %store/vec4 v0x5b20921e8750_0, 0, 32;
T_1.2 ;
    %load/vec4 v0x5b20921e8750_0;
    %cmpi/s 15, 0, 32;
    %jmp/0xz T_1.3, 5;
    %vpi_call/w 3 24 "$dumpvars", 32'sb00000000000000000000000000000000, &A<v0x5b20921ea2a0, v0x5b20921e8750_0 > {0 0 0};
    ; show_stmt_assign_vector: Get l-value for compressed += operand
    %load/vec4 v0x5b20921e8750_0;
    %pushi/vec4 1, 0, 32;
    %add;
    %store/vec4 v0x5b20921e8750_0, 0, 32;
    %jmp T_1.2;
T_1.3 ;
    %end;
    .scope S_0x5b20921bf790;
t_2 %join;
    %pushi/vec4 1, 0, 4;
    %ix/load 4, 0, 0;
    %flag_set/imm 4, 0;
    %store/vec4a v0x5b20921ea090, 4, 0;
    %pushi/vec4 2, 0, 4;
    %ix/load 4, 1, 0;
    %flag_set/imm 4, 0;
    %store/vec4a v0x5b20921ea090, 4, 0;
    %pushi/vec4 3, 0, 4;
    %ix/load 4, 2, 0;
    %flag_set/imm 4, 0;
    %store/vec4a v0x5b20921ea090, 4, 0;
    %pushi/vec4 4, 0, 4;
    %ix/load 4, 3, 0;
    %flag_set/imm 4, 0;
    %store/vec4a v0x5b20921ea090, 4, 0;
    %pushi/vec4 5, 0, 4;
    %ix/load 4, 4, 0;
    %flag_set/imm 4, 0;
    %store/vec4a v0x5b20921ea090, 4, 0;
    %pushi/vec4 6, 0, 4;
    %ix/load 4, 5, 0;
    %flag_set/imm 4, 0;
    %store/vec4a v0x5b20921ea090, 4, 0;
    %pushi/vec4 7, 0, 4;
    %ix/load 4, 6, 0;
    %flag_set/imm 4, 0;
    %store/vec4a v0x5b20921ea090, 4, 0;
    %pushi/vec4 8, 0, 4;
    %ix/load 4, 7, 0;
    %flag_set/imm 4, 0;
    %store/vec4a v0x5b20921ea090, 4, 0;
    %pushi/vec4 1, 0, 4;
    %ix/load 4, 0, 0;
    %flag_set/imm 4, 0;
    %store/vec4a v0x5b20921e9e80, 4, 0;
    %pushi/vec4 1, 0, 4;
    %ix/load 4, 1, 0;
    %flag_set/imm 4, 0;
    %store/vec4a v0x5b20921e9e80, 4, 0;
    %pushi/vec4 1, 0, 4;
    %ix/load 4, 2, 0;
    %flag_set/imm 4, 0;
    %store/vec4a v0x5b20921e9e80, 4, 0;
    %pushi/vec4 1, 0, 4;
    %ix/load 4, 3, 0;
    %flag_set/imm 4, 0;
    %store/vec4a v0x5b20921e9e80, 4, 0;
    %pushi/vec4 1, 0, 4;
    %ix/load 4, 4, 0;
    %flag_set/imm 4, 0;
    %store/vec4a v0x5b20921e9e80, 4, 0;
    %pushi/vec4 1, 0, 4;
    %ix/load 4, 5, 0;
    %flag_set/imm 4, 0;
    %store/vec4a v0x5b20921e9e80, 4, 0;
    %pushi/vec4 1, 0, 4;
    %ix/load 4, 6, 0;
    %flag_set/imm 4, 0;
    %store/vec4a v0x5b20921e9e80, 4, 0;
    %pushi/vec4 1, 0, 4;
    %ix/load 4, 7, 0;
    %flag_set/imm 4, 0;
    %store/vec4a v0x5b20921e9e80, 4, 0;
    %delay 10000, 0;
    %vpi_call/w 3 36 "$display", "Test Case 1 Results:" {0 0 0};
    %fork t_5, S_0x5b20921e8830;
    %jmp t_4;
    .scope S_0x5b20921e8830;
t_5 ;
    %pushi/vec4 0, 0, 32;
    %store/vec4 v0x5b20921e8a10_0, 0, 32;
T_1.4 ;
    %load/vec4 v0x5b20921e8a10_0;
    %cmpi/s 15, 0, 32;
    %jmp/0xz T_1.5, 5;
    %vpi_call/w 3 38 "$display", "y[%0d] = %0d", v0x5b20921e8a10_0, &A<v0x5b20921ea2a0, v0x5b20921e8a10_0 > {0 0 0};
    %load/vec4 v0x5b20921e8a10_0;
    %addi 1, 0, 32;
    %cast2;
    %store/vec4 v0x5b20921e8a10_0, 0, 32;
    %jmp T_1.4;
T_1.5 ;
    %end;
    .scope S_0x5b20921bf790;
t_4 %join;
    %pushi/vec4 1, 0, 4;
    %ix/load 4, 0, 0;
    %flag_set/imm 4, 0;
    %store/vec4a v0x5b20921ea090, 4, 0;
    %pushi/vec4 1, 0, 4;
    %ix/load 4, 1, 0;
    %flag_set/imm 4, 0;
    %store/vec4a v0x5b20921ea090, 4, 0;
    %pushi/vec4 1, 0, 4;
    %ix/load 4, 2, 0;
    %flag_set/imm 4, 0;
    %store/vec4a v0x5b20921ea090, 4, 0;
    %pushi/vec4 1, 0, 4;
    %ix/load 4, 3, 0;
    %flag_set/imm 4, 0;
    %store/vec4a v0x5b20921ea090, 4, 0;
    %pushi/vec4 1, 0, 4;
    %ix/load 4, 4, 0;
    %flag_set/imm 4, 0;
    %store/vec4a v0x5b20921ea090, 4, 0;
    %pushi/vec4 1, 0, 4;
    %ix/load 4, 5, 0;
    %flag_set/imm 4, 0;
    %store/vec4a v0x5b20921ea090, 4, 0;
    %pushi/vec4 1, 0, 4;
    %ix/load 4, 6, 0;
    %flag_set/imm 4, 0;
    %store/vec4a v0x5b20921ea090, 4, 0;
    %pushi/vec4 1, 0, 4;
    %ix/load 4, 7, 0;
    %flag_set/imm 4, 0;
    %store/vec4a v0x5b20921ea090, 4, 0;
    %pushi/vec4 1, 0, 4;
    %ix/load 4, 0, 0;
    %flag_set/imm 4, 0;
    %store/vec4a v0x5b20921e9e80, 4, 0;
    %pushi/vec4 1, 0, 4;
    %ix/load 4, 1, 0;
    %flag_set/imm 4, 0;
    %store/vec4a v0x5b20921e9e80, 4, 0;
    %pushi/vec4 1, 0, 4;
    %ix/load 4, 2, 0;
    %flag_set/imm 4, 0;
    %store/vec4a v0x5b20921e9e80, 4, 0;
    %pushi/vec4 1, 0, 4;
    %ix/load 4, 3, 0;
    %flag_set/imm 4, 0;
    %store/vec4a v0x5b20921e9e80, 4, 0;
    %pushi/vec4 1, 0, 4;
    %ix/load 4, 4, 0;
    %flag_set/imm 4, 0;
    %store/vec4a v0x5b20921e9e80, 4, 0;
    %pushi/vec4 1, 0, 4;
    %ix/load 4, 5, 0;
    %flag_set/imm 4, 0;
    %store/vec4a v0x5b20921e9e80, 4, 0;
    %pushi/vec4 1, 0, 4;
    %ix/load 4, 6, 0;
    %flag_set/imm 4, 0;
    %store/vec4a v0x5b20921e9e80, 4, 0;
    %pushi/vec4 1, 0, 4;
    %ix/load 4, 7, 0;
    %flag_set/imm 4, 0;
    %store/vec4a v0x5b20921e9e80, 4, 0;
    %delay 10000, 0;
    %vpi_call/w 3 50 "$display", "Test Case 2 Results:" {0 0 0};
    %fork t_7, S_0x5b20921e8af0;
    %jmp t_6;
    .scope S_0x5b20921e8af0;
t_7 ;
    %pushi/vec4 0, 0, 32;
    %store/vec4 v0x5b20921e8cd0_0, 0, 32;
T_1.6 ;
    %load/vec4 v0x5b20921e8cd0_0;
    %cmpi/s 15, 0, 32;
    %jmp/0xz T_1.7, 5;
    %vpi_call/w 3 52 "$display", "y[%0d] = %0d", v0x5b20921e8cd0_0, &A<v0x5b20921ea2a0, v0x5b20921e8cd0_0 > {0 0 0};
    %load/vec4 v0x5b20921e8cd0_0;
    %addi 1, 0, 32;
    %cast2;
    %store/vec4 v0x5b20921e8cd0_0, 0, 32;
    %jmp T_1.6;
T_1.7 ;
    %end;
    .scope S_0x5b20921bf790;
t_6 %join;
    %vpi_call/w 3 55 "$finish" {0 0 0};
    %end;
    .thread T_1;
# The file index is used to find the file name in the following table.
:file_names 5;
    "N/A";
    "<interactive>";
    "-";
    "convolve_tb.v";
    "convolve.v";
