#! /usr/bin/vvp
:ivl_version "12.0 (stable)" "(v12_0-dirty)";
:ivl_delay_selection "TYPICAL";
:vpi_time_precision - 12;
:vpi_module "/usr/lib/ivl/system.vpi";
:vpi_module "/usr/lib/ivl/vhdl_sys.vpi";
:vpi_module "/usr/lib/ivl/vhdl_textio.vpi";
:vpi_module "/usr/lib/ivl/v2005_math.vpi";
:vpi_module "/usr/lib/ivl/va_math.vpi";
:vpi_module "/usr/lib/ivl/v2009.vpi";
S_0x633b16114950 .scope package, "$unit" "$unit" 2 1;
 .timescale 0 0;
S_0x633b1611ffd0 .scope module, "full_adder_1bit" "full_adder_1bit" 3 19;
 .timescale 0 0;
    .port_info 0 /INPUT 1 "a";
    .port_info 1 /INPUT 1 "b";
    .port_info 2 /INPUT 1 "cin";
    .port_info 3 /OUTPUT 1 "sum";
    .port_info 4 /OUTPUT 1 "cout";
o0x7d5c414e5108 .functor BUFZ 1, C4<z>; HiZ drive
o0x7d5c414e5138 .functor BUFZ 1, C4<z>; HiZ drive
L_0x633b16140390 .functor XOR 1, o0x7d5c414e5108, o0x7d5c414e5138, C4<0>, C4<0>;
o0x7d5c414e5168 .functor BUFZ 1, C4<z>; HiZ drive
L_0x633b16140490 .functor XOR 1, L_0x633b16140390, o0x7d5c414e5168, C4<0>, C4<0>;
L_0x633b16140580 .functor AND 1, o0x7d5c414e5108, o0x7d5c414e5138, C4<1>, C4<1>;
L_0x633b161406c0 .functor AND 1, o0x7d5c414e5108, o0x7d5c414e5168, C4<1>, C4<1>;
L_0x633b161407b0 .functor OR 1, L_0x633b16140580, L_0x633b161406c0, C4<0>, C4<0>;
L_0x633b161408c0 .functor AND 1, o0x7d5c414e5138, o0x7d5c414e5168, C4<1>, C4<1>;
L_0x633b16140970 .functor OR 1, L_0x633b161407b0, L_0x633b161408c0, C4<0>, C4<0>;
v0x633b161202f0_0 .net *"_ivl_0", 0 0, L_0x633b16140390;  1 drivers
v0x633b1613ec00_0 .net *"_ivl_10", 0 0, L_0x633b161408c0;  1 drivers
v0x633b1613ece0_0 .net *"_ivl_4", 0 0, L_0x633b16140580;  1 drivers
v0x633b1613eda0_0 .net *"_ivl_6", 0 0, L_0x633b161406c0;  1 drivers
v0x633b1613ee80_0 .net *"_ivl_8", 0 0, L_0x633b161407b0;  1 drivers
v0x633b1613efb0_0 .net "a", 0 0, o0x7d5c414e5108;  0 drivers
v0x633b1613f070_0 .net "b", 0 0, o0x7d5c414e5138;  0 drivers
v0x633b1613f130_0 .net "cin", 0 0, o0x7d5c414e5168;  0 drivers
v0x633b1613f1f0_0 .net "cout", 0 0, L_0x633b16140970;  1 drivers
v0x633b1613f2b0_0 .net "sum", 0 0, L_0x633b16140490;  1 drivers
S_0x633b16120160 .scope module, "full_adder_8bit_tb" "full_adder_8bit_tb" 4 2;
 .timescale -9 -12;
v0x633b1613ffb0_0 .var "a", 7 0;
v0x633b16140090_0 .var "b", 7 0;
v0x633b16140130_0 .var "cin", 0 0;
v0x633b161401d0_0 .net "cout", 0 0, L_0x633b16140b40;  1 drivers
v0x633b161402a0_0 .net "sum", 7 0, L_0x633b16140a80;  1 drivers
S_0x633b1613f410 .scope module, "dut" "full_adder_8bit" 4 8, 3 30 0, S_0x633b16120160;
 .timescale 0 0;
    .port_info 0 /INPUT 8 "a";
    .port_info 1 /INPUT 8 "b";
    .port_info 2 /INPUT 1 "cin";
    .port_info 3 /OUTPUT 8 "sum";
    .port_info 4 /OUTPUT 1 "cout";
L_0x633b16140a80 .functor BUFZ 8, v0x633b1613fe30_0, C4<00000000>, C4<00000000>, C4<00000000>;
v0x633b1613f8e0_0 .net "a", 7 0, v0x633b1613ffb0_0;  1 drivers
v0x633b1613f9e0_0 .net "b", 7 0, v0x633b16140090_0;  1 drivers
v0x633b1613fac0_0 .var "carry", 8 0;
v0x633b1613fb80_0 .net "cin", 0 0, v0x633b16140130_0;  1 drivers
v0x633b1613fc40_0 .net "cout", 0 0, L_0x633b16140b40;  alias, 1 drivers
v0x633b1613fd50_0 .net "sum", 7 0, L_0x633b16140a80;  alias, 1 drivers
v0x633b1613fe30_0 .var "sum_temp", 7 0;
E_0x633b160e6ff0 .event anyedge, v0x633b1613fb80_0, v0x633b1613f8e0_0, v0x633b1613f9e0_0, v0x633b1613fac0_0;
L_0x633b16140b40 .part v0x633b1613fac0_0, 8, 1;
S_0x633b1613f5e0 .scope begin, "$ivl_for_loop0" "$ivl_for_loop0" 3 43, 3 43 0, S_0x633b1613f410;
 .timescale 0 0;
v0x633b1613f7e0_0 .var/2s "i", 31 0;
    .scope S_0x633b1613f410;
T_0 ;
    %wait E_0x633b160e6ff0;
    %load/vec4 v0x633b1613fb80_0;
    %ix/load 4, 0, 0;
    %flag_set/imm 4, 0;
    %store/vec4 v0x633b1613fac0_0, 4, 1;
    %fork t_1, S_0x633b1613f5e0;
    %jmp t_0;
    .scope S_0x633b1613f5e0;
t_1 ;
    %pushi/vec4 0, 0, 32;
    %store/vec4 v0x633b1613f7e0_0, 0, 32;
T_0.0 ;
    %load/vec4 v0x633b1613f7e0_0;
    %cmpi/s 8, 0, 32;
    %jmp/0xz T_0.1, 5;
    %load/vec4 v0x633b1613f8e0_0;
    %load/vec4 v0x633b1613f7e0_0;
    %part/s 1;
    %load/vec4 v0x633b1613f9e0_0;
    %load/vec4 v0x633b1613f7e0_0;
    %part/s 1;
    %xor;
    %load/vec4 v0x633b1613fac0_0;
    %load/vec4 v0x633b1613f7e0_0;
    %part/s 1;
    %xor;
    %ix/getv/s 4, v0x633b1613f7e0_0;
    %store/vec4 v0x633b1613fe30_0, 4, 1;
    %load/vec4 v0x633b1613f8e0_0;
    %load/vec4 v0x633b1613f7e0_0;
    %part/s 1;
    %load/vec4 v0x633b1613f9e0_0;
    %load/vec4 v0x633b1613f7e0_0;
    %part/s 1;
    %and;
    %load/vec4 v0x633b1613f8e0_0;
    %load/vec4 v0x633b1613f7e0_0;
    %part/s 1;
    %load/vec4 v0x633b1613fac0_0;
    %load/vec4 v0x633b1613f7e0_0;
    %part/s 1;
    %and;
    %or;
    %load/vec4 v0x633b1613f9e0_0;
    %load/vec4 v0x633b1613f7e0_0;
    %part/s 1;
    %load/vec4 v0x633b1613fac0_0;
    %load/vec4 v0x633b1613f7e0_0;
    %part/s 1;
    %and;
    %or;
    %load/vec4 v0x633b1613f7e0_0;
    %addi 1, 0, 32;
    %ix/vec4/s 4;
    %store/vec4 v0x633b1613fac0_0, 4, 1;
    %load/vec4 v0x633b1613f7e0_0;
    %addi 1, 0, 32;
    %cast2;
    %store/vec4 v0x633b1613f7e0_0, 0, 32;
    %jmp T_0.0;
T_0.1 ;
    %end;
    .scope S_0x633b1613f410;
t_0 %join;
    %jmp T_0;
    .thread T_0, $push;
    .scope S_0x633b16120160;
T_1 ;
    %vpi_call/w 4 17 "$dumpfile", "wave2.vcd" {0 0 0};
    %vpi_call/w 4 18 "$dumpvars", 32'sb00000000000000000000000000000000, S_0x633b16120160 {0 0 0};
    %pushi/vec4 25, 0, 8;
    %store/vec4 v0x633b1613ffb0_0, 0, 8;
    %pushi/vec4 17, 0, 8;
    %store/vec4 v0x633b16140090_0, 0, 8;
    %pushi/vec4 0, 0, 1;
    %store/vec4 v0x633b16140130_0, 0, 1;
    %delay 10000, 0;
    %vpi_call/w 4 23 "$display", "Test Case 1: a = %d, b = %d, cin = %d\012 cout = %d, sum %d", v0x633b1613ffb0_0, v0x633b16140090_0, v0x633b16140130_0, v0x633b161401d0_0, v0x633b161402a0_0 {0 0 0};
    %pushi/vec4 100, 0, 8;
    %store/vec4 v0x633b1613ffb0_0, 0, 8;
    %pushi/vec4 50, 0, 8;
    %store/vec4 v0x633b16140090_0, 0, 8;
    %pushi/vec4 1, 0, 1;
    %store/vec4 v0x633b16140130_0, 0, 1;
    %delay 10000, 0;
    %vpi_call/w 4 28 "$display", "Test Case 2: a = %d, b = %d, cin = %d\012 cout = %d, sum %d", v0x633b1613ffb0_0, v0x633b16140090_0, v0x633b16140130_0, v0x633b161401d0_0, v0x633b161402a0_0 {0 0 0};
    %pushi/vec4 200, 0, 8;
    %store/vec4 v0x633b1613ffb0_0, 0, 8;
    %pushi/vec4 100, 0, 8;
    %store/vec4 v0x633b16140090_0, 0, 8;
    %pushi/vec4 0, 0, 1;
    %store/vec4 v0x633b16140130_0, 0, 1;
    %delay 10000, 0;
    %vpi_call/w 4 33 "$display", "Test Case 3: a = %d, b = %d, cin = %d\012 cout = %d, sum %d", v0x633b1613ffb0_0, v0x633b16140090_0, v0x633b16140130_0, v0x633b161401d0_0, v0x633b161402a0_0 {0 0 0};
    %vpi_call/w 4 36 "$finish" {0 0 0};
    %end;
    .thread T_1;
# The file index is used to find the file name in the following table.
:file_names 5;
    "N/A";
    "<interactive>";
    "-";
    "8BitAdder.v";
    "8BitAdder_tb.v";
