#! /usr/bin/vvp
:ivl_version "12.0 (stable)" "(v12_0-dirty)";
:ivl_delay_selection "TYPICAL";
:vpi_time_precision - 12;
:vpi_module "/usr/lib/ivl/system.vpi";
:vpi_module "/usr/lib/ivl/vhdl_sys.vpi";
:vpi_module "/usr/lib/ivl/vhdl_textio.vpi";
:vpi_module "/usr/lib/ivl/v2005_math.vpi";
:vpi_module "/usr/lib/ivl/va_math.vpi";
:vpi_module "/usr/lib/ivl/v2009.vpi";
S_0x58b792023170 .scope package, "$unit" "$unit" 2 1;
 .timescale 0 0;
S_0x58b792022630 .scope module, "Nand4BitAdder_tb" "Nand4BitAdder_tb" 3 3;
 .timescale -9 -12;
v0x58b79206a320_0 .var "a", 3 0;
v0x58b79206a400_0 .var "b", 3 0;
v0x58b79206a4a0_0 .var "cin", 0 0;
v0x58b79206a540_0 .net "cout", 0 0, L_0x58b792072100;  1 drivers
v0x58b79206a5e0_0 .net "sum", 3 0, L_0x58b792070f20;  1 drivers
S_0x58b792022450 .scope module, "dut" "Nand4BitAdder" 3 9, 4 3 0, S_0x58b792022630;
 .timescale -9 -12;
    .port_info 0 /OUTPUT 4 "sum";
    .port_info 1 /OUTPUT 1 "cout";
    .port_info 2 /INPUT 4 "a";
    .port_info 3 /INPUT 4 "b";
    .port_info 4 /INPUT 1 "cin";
L_0x58b792071980 .functor BUFZ 1, v0x58b79206a4a0_0, C4<0>, C4<0>, C4<0>;
v0x58b7920695a0_0 .net *"_ivl_17", 0 0, L_0x58b79206d450;  1 drivers
v0x58b7920696a0_0 .net *"_ivl_20", 0 0, L_0x58b79206de90;  1 drivers
v0x58b792069780_0 .net *"_ivl_28", 0 0, L_0x58b79206f0b0;  1 drivers
v0x58b792069840_0 .net *"_ivl_31", 0 0, L_0x58b79206fa30;  1 drivers
v0x58b792069920_0 .net *"_ivl_39", 0 0, L_0x58b7920711f0;  1 drivers
v0x58b792069a00_0 .net *"_ivl_43", 0 0, L_0x58b792071b50;  1 drivers
v0x58b792069ae0_0 .net *"_ivl_49", 0 0, L_0x58b792071980;  1 drivers
v0x58b792069bc0_0 .net *"_ivl_6", 0 0, L_0x58b79206b890;  1 drivers
v0x58b792069ca0_0 .net *"_ivl_9", 0 0, L_0x58b79206c230;  1 drivers
v0x58b792069d80_0 .net "a", 3 0, v0x58b79206a320_0;  1 drivers
v0x58b792069e60_0 .net "b", 3 0, v0x58b79206a400_0;  1 drivers
v0x58b792069f40_0 .net "carry", 4 0, L_0x58b792071d80;  1 drivers
v0x58b79206a020_0 .net "cin", 0 0, v0x58b79206a4a0_0;  1 drivers
v0x58b79206a0e0_0 .net "cout", 0 0, L_0x58b792072100;  alias, 1 drivers
v0x58b79206a1a0_0 .net "sum", 3 0, L_0x58b792070f20;  alias, 1 drivers
L_0x58b79206a930 .part v0x58b79206a320_0, 0, 1;
L_0x58b79206aa70 .part v0x58b79206a400_0, 0, 1;
L_0x58b79206ad10 .part v0x58b79206a320_0, 0, 1;
L_0x58b79206af10 .part v0x58b79206a400_0, 0, 1;
L_0x58b79206b370 .part L_0x58b792071d80, 0, 1;
L_0x58b79206b710 .part L_0x58b792071d80, 0, 1;
L_0x58b79206bd00 .part L_0x58b792071d80, 0, 1;
L_0x58b79206c500 .part v0x58b79206a320_0, 1, 1;
L_0x58b79206c6d0 .part v0x58b79206a400_0, 1, 1;
L_0x58b79206c910 .part v0x58b79206a320_0, 1, 1;
L_0x58b79206cb20 .part v0x58b79206a400_0, 1, 1;
L_0x58b79206cf50 .part L_0x58b792071d80, 1, 1;
L_0x58b79206d360 .part L_0x58b792071d80, 1, 1;
L_0x58b79206d950 .part L_0x58b792071d80, 1, 1;
L_0x58b79206e160 .part v0x58b79206a320_0, 2, 1;
L_0x58b79206e250 .part v0x58b79206a400_0, 2, 1;
L_0x58b79206e530 .part v0x58b79206a320_0, 2, 1;
L_0x58b79206e730 .part v0x58b79206a400_0, 2, 1;
L_0x58b79206ec00 .part L_0x58b792071d80, 2, 1;
L_0x58b79206ef60 .part L_0x58b792071d80, 2, 1;
L_0x58b79206e820 .part L_0x58b792071d80, 2, 1;
L_0x58b79206fd00 .part v0x58b79206a320_0, 3, 1;
L_0x58b79206feb0 .part v0x58b79206a400_0, 3, 1;
L_0x58b792070320 .part v0x58b79206a320_0, 3, 1;
L_0x58b7920705f0 .part v0x58b79206a400_0, 3, 1;
L_0x58b7920709f0 .part L_0x58b792071d80, 3, 1;
L_0x58b792070e30 .part L_0x58b792071d80, 3, 1;
L_0x58b792070f20 .concat8 [ 1 1 1 1], L_0x58b79206b890, L_0x58b79206d450, L_0x58b79206f0b0, L_0x58b7920711f0;
L_0x58b792071620 .part L_0x58b792071d80, 3, 1;
LS_0x58b792071d80_0_0 .concat8 [ 1 1 1 1], L_0x58b792071980, L_0x58b79206c230, L_0x58b79206de90, L_0x58b79206fa30;
LS_0x58b792071d80_0_4 .concat8 [ 1 0 0 0], L_0x58b792071b50;
L_0x58b792071d80 .concat8 [ 4 1 0 0], LS_0x58b792071d80_0_0, LS_0x58b792071d80_0_4;
L_0x58b792072100 .part L_0x58b792071d80, 4, 1;
S_0x58b792021550 .scope generate, "adder_stage[0]" "adder_stage[0]" 4 18, 4 18 0, S_0x58b792022450;
 .timescale -9 -12;
P_0x58b79201de30 .param/l "i" 1 4 18, +C4<00>;
L_0x58b79206a680/d .functor NAND 1, L_0x58b79206a930, L_0x58b79206aa70, C4<1>, C4<1>;
L_0x58b79206a680 .delay 1 (1000,1000,1000) L_0x58b79206a680/d;
L_0x58b79206abb0/d .functor NAND 1, L_0x58b79206ad10, L_0x58b79206a680, C4<1>, C4<1>;
L_0x58b79206abb0 .delay 1 (1000,1000,1000) L_0x58b79206abb0/d;
L_0x58b79206ae00/d .functor NAND 1, L_0x58b79206af10, L_0x58b79206a680, C4<1>, C4<1>;
L_0x58b79206ae00 .delay 1 (1000,1000,1000) L_0x58b79206ae00/d;
L_0x58b79206b030/d .functor NAND 1, L_0x58b79206abb0, L_0x58b79206ae00, C4<1>, C4<1>;
L_0x58b79206b030 .delay 1 (1000,1000,1000) L_0x58b79206b030/d;
L_0x58b79206b210/d .functor NAND 1, L_0x58b79206b030, L_0x58b79206b370, C4<1>, C4<1>;
L_0x58b79206b210 .delay 1 (1000,1000,1000) L_0x58b79206b210/d;
L_0x58b79206b460/d .functor NAND 1, L_0x58b79206b030, L_0x58b79206b210, C4<1>, C4<1>;
L_0x58b79206b460 .delay 1 (1000,1000,1000) L_0x58b79206b460/d;
L_0x58b79206b600/d .functor NAND 1, L_0x58b79206b710, L_0x58b79206b210, C4<1>, C4<1>;
L_0x58b79206b600 .delay 1 (1000,1000,1000) L_0x58b79206b600/d;
L_0x58b79206b890/d .functor NAND 1, L_0x58b79206b460, L_0x58b79206b600, C4<1>, C4<1>;
L_0x58b79206b890 .delay 1 (1000,1000,1000) L_0x58b79206b890/d;
L_0x58b79206ba90/d .functor NAND 1, L_0x58b79206a680, L_0x58b79206a680, C4<1>, C4<1>;
L_0x58b79206ba90 .delay 1 (1000,1000,1000) L_0x58b79206ba90/d;
L_0x58b79206bb50/d .functor NAND 1, L_0x58b79206bd00, L_0x58b79206b030, C4<1>, C4<1>;
L_0x58b79206bb50 .delay 1 (1000,1000,1000) L_0x58b79206bb50/d;
L_0x58b79206bda0/d .functor NAND 1, L_0x58b79206bb50, L_0x58b79206bb50, C4<1>, C4<1>;
L_0x58b79206bda0 .delay 1 (1000,1000,1000) L_0x58b79206bda0/d;
L_0x58b79206bf00/d .functor NAND 1, L_0x58b79206ba90, L_0x58b79206ba90, C4<1>, C4<1>;
L_0x58b79206bf00 .delay 1 (1000,1000,1000) L_0x58b79206bf00/d;
L_0x58b79206c0d0/d .functor NAND 1, L_0x58b79206bda0, L_0x58b79206bda0, C4<1>, C4<1>;
L_0x58b79206c0d0 .delay 1 (1000,1000,1000) L_0x58b79206c0d0/d;
L_0x58b79206c230/d .functor NAND 1, L_0x58b79206bf00, L_0x58b79206c0d0, C4<1>, C4<1>;
L_0x58b79206c230 .delay 1 (1000,1000,1000) L_0x58b79206c230/d;
v0x58b79203c7d0_0 .net *"_ivl_1", 0 0, L_0x58b79206a930;  1 drivers
v0x58b79202be40_0 .net *"_ivl_12", 0 0, L_0x58b79206b710;  1 drivers
v0x58b792027a70_0 .net *"_ivl_16", 0 0, L_0x58b79206bd00;  1 drivers
v0x58b792040de0_0 .net *"_ivl_2", 0 0, L_0x58b79206aa70;  1 drivers
v0x58b792065210_0 .net *"_ivl_4", 0 0, L_0x58b79206ad10;  1 drivers
v0x58b792065340_0 .net *"_ivl_6", 0 0, L_0x58b79206af10;  1 drivers
v0x58b792065420_0 .net *"_ivl_9", 0 0, L_0x58b79206b370;  1 drivers
v0x58b792065500_0 .net "a_xor_b", 0 0, L_0x58b79206b030;  1 drivers
v0x58b7920655c0_0 .net "ab", 0 0, L_0x58b79206ba90;  1 drivers
v0x58b792065680_0 .net "cin_a_xor_b", 0 0, L_0x58b79206bda0;  1 drivers
v0x58b792065740_0 .net "n1", 0 0, L_0x58b79206a680;  1 drivers
v0x58b792065800_0 .net "n10", 0 0, L_0x58b79206c0d0;  1 drivers
v0x58b7920658c0_0 .net "n2", 0 0, L_0x58b79206abb0;  1 drivers
v0x58b792065980_0 .net "n3", 0 0, L_0x58b79206ae00;  1 drivers
v0x58b792065a40_0 .net "n4", 0 0, L_0x58b79206b210;  1 drivers
v0x58b792065b00_0 .net "n5", 0 0, L_0x58b79206b460;  1 drivers
v0x58b792065bc0_0 .net "n6", 0 0, L_0x58b79206b600;  1 drivers
v0x58b792065c80_0 .net "n8", 0 0, L_0x58b79206bb50;  1 drivers
v0x58b792065d40_0 .net "n9", 0 0, L_0x58b79206bf00;  1 drivers
S_0x58b792065e00 .scope generate, "adder_stage[1]" "adder_stage[1]" 4 18, 4 18 0, S_0x58b792022450;
 .timescale -9 -12;
P_0x58b792065fd0 .param/l "i" 1 4 18, +C4<01>;
L_0x58b79206c060/d .functor NAND 1, L_0x58b79206c500, L_0x58b79206c6d0, C4<1>, C4<1>;
L_0x58b79206c060 .delay 1 (1000,1000,1000) L_0x58b79206c060/d;
L_0x58b79206c800/d .functor NAND 1, L_0x58b79206c910, L_0x58b79206c060, C4<1>, C4<1>;
L_0x58b79206c800 .delay 1 (1000,1000,1000) L_0x58b79206c800/d;
L_0x58b79206ca60/d .functor NAND 1, L_0x58b79206cb20, L_0x58b79206c060, C4<1>, C4<1>;
L_0x58b79206ca60 .delay 1 (1000,1000,1000) L_0x58b79206ca60/d;
L_0x58b79206cc10/d .functor NAND 1, L_0x58b79206c800, L_0x58b79206ca60, C4<1>, C4<1>;
L_0x58b79206cc10 .delay 1 (1000,1000,1000) L_0x58b79206cc10/d;
L_0x58b79206cdf0/d .functor NAND 1, L_0x58b79206cc10, L_0x58b79206cf50, C4<1>, C4<1>;
L_0x58b79206cdf0 .delay 1 (1000,1000,1000) L_0x58b79206cdf0/d;
L_0x58b79206d140/d .functor NAND 1, L_0x58b79206cc10, L_0x58b79206cdf0, C4<1>, C4<1>;
L_0x58b79206d140 .delay 1 (1000,1000,1000) L_0x58b79206d140/d;
L_0x58b79206d250/d .functor NAND 1, L_0x58b79206d360, L_0x58b79206cdf0, C4<1>, C4<1>;
L_0x58b79206d250 .delay 1 (1000,1000,1000) L_0x58b79206d250/d;
L_0x58b79206d450/d .functor NAND 1, L_0x58b79206d140, L_0x58b79206d250, C4<1>, C4<1>;
L_0x58b79206d450 .delay 1 (1000,1000,1000) L_0x58b79206d450/d;
L_0x58b79206d650/d .functor NAND 1, L_0x58b79206c060, L_0x58b79206c060, C4<1>, C4<1>;
L_0x58b79206d650 .delay 1 (1000,1000,1000) L_0x58b79206d650/d;
L_0x58b79206d7a0/d .functor NAND 1, L_0x58b79206d950, L_0x58b79206cc10, C4<1>, C4<1>;
L_0x58b79206d7a0 .delay 1 (1000,1000,1000) L_0x58b79206d7a0/d;
L_0x58b79206d0d0/d .functor NAND 1, L_0x58b79206d7a0, L_0x58b79206d7a0, C4<1>, C4<1>;
L_0x58b79206d0d0 .delay 1 (1000,1000,1000) L_0x58b79206d0d0/d;
L_0x58b79206db60/d .functor NAND 1, L_0x58b79206d650, L_0x58b79206d650, C4<1>, C4<1>;
L_0x58b79206db60 .delay 1 (1000,1000,1000) L_0x58b79206db60/d;
L_0x58b79206dd30/d .functor NAND 1, L_0x58b79206d0d0, L_0x58b79206d0d0, C4<1>, C4<1>;
L_0x58b79206dd30 .delay 1 (1000,1000,1000) L_0x58b79206dd30/d;
L_0x58b79206de90/d .functor NAND 1, L_0x58b79206db60, L_0x58b79206dd30, C4<1>, C4<1>;
L_0x58b79206de90 .delay 1 (1000,1000,1000) L_0x58b79206de90/d;
v0x58b792066090_0 .net *"_ivl_1", 0 0, L_0x58b79206c500;  1 drivers
v0x58b792066170_0 .net *"_ivl_12", 0 0, L_0x58b79206d360;  1 drivers
v0x58b792066250_0 .net *"_ivl_16", 0 0, L_0x58b79206d950;  1 drivers
v0x58b792066310_0 .net *"_ivl_2", 0 0, L_0x58b79206c6d0;  1 drivers
v0x58b7920663f0_0 .net *"_ivl_4", 0 0, L_0x58b79206c910;  1 drivers
v0x58b792066520_0 .net *"_ivl_6", 0 0, L_0x58b79206cb20;  1 drivers
v0x58b792066600_0 .net *"_ivl_9", 0 0, L_0x58b79206cf50;  1 drivers
v0x58b7920666e0_0 .net "a_xor_b", 0 0, L_0x58b79206cc10;  1 drivers
v0x58b7920667a0_0 .net "ab", 0 0, L_0x58b79206d650;  1 drivers
v0x58b792066860_0 .net "cin_a_xor_b", 0 0, L_0x58b79206d0d0;  1 drivers
v0x58b792066920_0 .net "n1", 0 0, L_0x58b79206c060;  1 drivers
v0x58b7920669e0_0 .net "n10", 0 0, L_0x58b79206dd30;  1 drivers
v0x58b792066aa0_0 .net "n2", 0 0, L_0x58b79206c800;  1 drivers
v0x58b792066b60_0 .net "n3", 0 0, L_0x58b79206ca60;  1 drivers
v0x58b792066c20_0 .net "n4", 0 0, L_0x58b79206cdf0;  1 drivers
v0x58b792066ce0_0 .net "n5", 0 0, L_0x58b79206d140;  1 drivers
v0x58b792066da0_0 .net "n6", 0 0, L_0x58b79206d250;  1 drivers
v0x58b792066e60_0 .net "n8", 0 0, L_0x58b79206d7a0;  1 drivers
v0x58b792066f20_0 .net "n9", 0 0, L_0x58b79206db60;  1 drivers
S_0x58b792066fe0 .scope generate, "adder_stage[2]" "adder_stage[2]" 4 18, 4 18 0, S_0x58b792022450;
 .timescale -9 -12;
P_0x58b792067190 .param/l "i" 1 4 18, +C4<010>;
L_0x58b79206dcc0/d .functor NAND 1, L_0x58b79206e160, L_0x58b79206e250, C4<1>, C4<1>;
L_0x58b79206dcc0 .delay 1 (1000,1000,1000) L_0x58b79206dcc0/d;
L_0x58b79206e3d0/d .functor NAND 1, L_0x58b79206e530, L_0x58b79206dcc0, C4<1>, C4<1>;
L_0x58b79206e3d0 .delay 1 (1000,1000,1000) L_0x58b79206e3d0/d;
L_0x58b79206e620/d .functor NAND 1, L_0x58b79206e730, L_0x58b79206dcc0, C4<1>, C4<1>;
L_0x58b79206e620 .delay 1 (1000,1000,1000) L_0x58b79206e620/d;
L_0x58b79206e8c0/d .functor NAND 1, L_0x58b79206e3d0, L_0x58b79206e620, C4<1>, C4<1>;
L_0x58b79206e8c0 .delay 1 (1000,1000,1000) L_0x58b79206e8c0/d;
L_0x58b79206eaa0/d .functor NAND 1, L_0x58b79206e8c0, L_0x58b79206ec00, C4<1>, C4<1>;
L_0x58b79206eaa0 .delay 1 (1000,1000,1000) L_0x58b79206eaa0/d;
L_0x58b79206ecf0/d .functor NAND 1, L_0x58b79206e8c0, L_0x58b79206eaa0, C4<1>, C4<1>;
L_0x58b79206ecf0 .delay 1 (1000,1000,1000) L_0x58b79206ecf0/d;
L_0x58b79206ee50/d .functor NAND 1, L_0x58b79206ef60, L_0x58b79206eaa0, C4<1>, C4<1>;
L_0x58b79206ee50 .delay 1 (1000,1000,1000) L_0x58b79206ee50/d;
L_0x58b79206f0b0/d .functor NAND 1, L_0x58b79206ecf0, L_0x58b79206ee50, C4<1>, C4<1>;
L_0x58b79206f0b0 .delay 1 (1000,1000,1000) L_0x58b79206f0b0/d;
L_0x58b79206f3c0/d .functor NAND 1, L_0x58b79206dcc0, L_0x58b79206dcc0, C4<1>, C4<1>;
L_0x58b79206f3c0 .delay 1 (1000,1000,1000) L_0x58b79206f3c0/d;
L_0x58b79206f480/d .functor NAND 1, L_0x58b79206e820, L_0x58b79206e8c0, C4<1>, C4<1>;
L_0x58b79206f480 .delay 1 (1000,1000,1000) L_0x58b79206f480/d;
L_0x58b79206f5a0/d .functor NAND 1, L_0x58b79206f480, L_0x58b79206f480, C4<1>, C4<1>;
L_0x58b79206f5a0 .delay 1 (1000,1000,1000) L_0x58b79206f5a0/d;
L_0x58b79206f700/d .functor NAND 1, L_0x58b79206f3c0, L_0x58b79206f3c0, C4<1>, C4<1>;
L_0x58b79206f700 .delay 1 (1000,1000,1000) L_0x58b79206f700/d;
L_0x58b79206f8d0/d .functor NAND 1, L_0x58b79206f5a0, L_0x58b79206f5a0, C4<1>, C4<1>;
L_0x58b79206f8d0 .delay 1 (1000,1000,1000) L_0x58b79206f8d0/d;
L_0x58b79206fa30/d .functor NAND 1, L_0x58b79206f700, L_0x58b79206f8d0, C4<1>, C4<1>;
L_0x58b79206fa30 .delay 1 (1000,1000,1000) L_0x58b79206fa30/d;
v0x58b792067250_0 .net *"_ivl_1", 0 0, L_0x58b79206e160;  1 drivers
v0x58b792067330_0 .net *"_ivl_12", 0 0, L_0x58b79206ef60;  1 drivers
v0x58b792067410_0 .net *"_ivl_16", 0 0, L_0x58b79206e820;  1 drivers
v0x58b7920674d0_0 .net *"_ivl_2", 0 0, L_0x58b79206e250;  1 drivers
v0x58b7920675b0_0 .net *"_ivl_4", 0 0, L_0x58b79206e530;  1 drivers
v0x58b7920676e0_0 .net *"_ivl_6", 0 0, L_0x58b79206e730;  1 drivers
v0x58b7920677c0_0 .net *"_ivl_9", 0 0, L_0x58b79206ec00;  1 drivers
v0x58b7920678a0_0 .net "a_xor_b", 0 0, L_0x58b79206e8c0;  1 drivers
v0x58b792067960_0 .net "ab", 0 0, L_0x58b79206f3c0;  1 drivers
v0x58b792067a20_0 .net "cin_a_xor_b", 0 0, L_0x58b79206f5a0;  1 drivers
v0x58b792067ae0_0 .net "n1", 0 0, L_0x58b79206dcc0;  1 drivers
v0x58b792067ba0_0 .net "n10", 0 0, L_0x58b79206f8d0;  1 drivers
v0x58b792067c60_0 .net "n2", 0 0, L_0x58b79206e3d0;  1 drivers
v0x58b792067d20_0 .net "n3", 0 0, L_0x58b79206e620;  1 drivers
v0x58b792067de0_0 .net "n4", 0 0, L_0x58b79206eaa0;  1 drivers
v0x58b792067ea0_0 .net "n5", 0 0, L_0x58b79206ecf0;  1 drivers
v0x58b792067f60_0 .net "n6", 0 0, L_0x58b79206ee50;  1 drivers
v0x58b792068130_0 .net "n8", 0 0, L_0x58b79206f480;  1 drivers
v0x58b7920681f0_0 .net "n9", 0 0, L_0x58b79206f700;  1 drivers
S_0x58b7920682b0 .scope generate, "adder_stage[3]" "adder_stage[3]" 4 18, 4 18 0, S_0x58b792022450;
 .timescale -9 -12;
P_0x58b792068460 .param/l "i" 1 4 18, +C4<011>;
L_0x58b79206f860/d .functor NAND 1, L_0x58b79206fd00, L_0x58b79206feb0, C4<1>, C4<1>;
L_0x58b79206f860 .delay 1 (1000,1000,1000) L_0x58b79206f860/d;
L_0x58b7920700b0/d .functor NAND 1, L_0x58b792070320, L_0x58b79206f860, C4<1>, C4<1>;
L_0x58b7920700b0 .delay 1 (1000,1000,1000) L_0x58b7920700b0/d;
L_0x58b7920704e0/d .functor NAND 1, L_0x58b7920705f0, L_0x58b79206f860, C4<1>, C4<1>;
L_0x58b7920704e0 .delay 1 (1000,1000,1000) L_0x58b7920704e0/d;
L_0x58b7920706e0/d .functor NAND 1, L_0x58b7920700b0, L_0x58b7920704e0, C4<1>, C4<1>;
L_0x58b7920706e0 .delay 1 (1000,1000,1000) L_0x58b7920706e0/d;
L_0x58b792070890/d .functor NAND 1, L_0x58b7920706e0, L_0x58b7920709f0, C4<1>, C4<1>;
L_0x58b792070890 .delay 1 (1000,1000,1000) L_0x58b792070890/d;
L_0x58b792070bc0/d .functor NAND 1, L_0x58b7920706e0, L_0x58b792070890, C4<1>, C4<1>;
L_0x58b792070bc0 .delay 1 (1000,1000,1000) L_0x58b792070bc0/d;
L_0x58b792070d20/d .functor NAND 1, L_0x58b792070e30, L_0x58b792070890, C4<1>, C4<1>;
L_0x58b792070d20 .delay 1 (1000,1000,1000) L_0x58b792070d20/d;
L_0x58b7920711f0/d .functor NAND 1, L_0x58b792070bc0, L_0x58b792070d20, C4<1>, C4<1>;
L_0x58b7920711f0 .delay 1 (1000,1000,1000) L_0x58b7920711f0/d;
L_0x58b792071440/d .functor NAND 1, L_0x58b79206f860, L_0x58b79206f860, C4<1>, C4<1>;
L_0x58b792071440 .delay 1 (1000,1000,1000) L_0x58b792071440/d;
L_0x58b792071500/d .functor NAND 1, L_0x58b792071620, L_0x58b7920706e0, C4<1>, C4<1>;
L_0x58b792071500 .delay 1 (1000,1000,1000) L_0x58b792071500/d;
L_0x58b7920716c0/d .functor NAND 1, L_0x58b792071500, L_0x58b792071500, C4<1>, C4<1>;
L_0x58b7920716c0 .delay 1 (1000,1000,1000) L_0x58b7920716c0/d;
L_0x58b792071820/d .functor NAND 1, L_0x58b792071440, L_0x58b792071440, C4<1>, C4<1>;
L_0x58b792071820 .delay 1 (1000,1000,1000) L_0x58b792071820/d;
L_0x58b7920719f0/d .functor NAND 1, L_0x58b7920716c0, L_0x58b7920716c0, C4<1>, C4<1>;
L_0x58b7920719f0 .delay 1 (1000,1000,1000) L_0x58b7920719f0/d;
L_0x58b792071b50/d .functor NAND 1, L_0x58b792071820, L_0x58b7920719f0, C4<1>, C4<1>;
L_0x58b792071b50 .delay 1 (1000,1000,1000) L_0x58b792071b50/d;
v0x58b792068540_0 .net *"_ivl_1", 0 0, L_0x58b79206fd00;  1 drivers
v0x58b792068620_0 .net *"_ivl_12", 0 0, L_0x58b792070e30;  1 drivers
v0x58b792068700_0 .net *"_ivl_16", 0 0, L_0x58b792071620;  1 drivers
v0x58b7920687c0_0 .net *"_ivl_2", 0 0, L_0x58b79206feb0;  1 drivers
v0x58b7920688a0_0 .net *"_ivl_4", 0 0, L_0x58b792070320;  1 drivers
v0x58b7920689d0_0 .net *"_ivl_6", 0 0, L_0x58b7920705f0;  1 drivers
v0x58b792068ab0_0 .net *"_ivl_9", 0 0, L_0x58b7920709f0;  1 drivers
v0x58b792068b90_0 .net "a_xor_b", 0 0, L_0x58b7920706e0;  1 drivers
v0x58b792068c50_0 .net "ab", 0 0, L_0x58b792071440;  1 drivers
v0x58b792068d10_0 .net "cin_a_xor_b", 0 0, L_0x58b7920716c0;  1 drivers
v0x58b792068dd0_0 .net "n1", 0 0, L_0x58b79206f860;  1 drivers
v0x58b792068e90_0 .net "n10", 0 0, L_0x58b7920719f0;  1 drivers
v0x58b792068f50_0 .net "n2", 0 0, L_0x58b7920700b0;  1 drivers
v0x58b792069010_0 .net "n3", 0 0, L_0x58b7920704e0;  1 drivers
v0x58b7920690d0_0 .net "n4", 0 0, L_0x58b792070890;  1 drivers
v0x58b792069190_0 .net "n5", 0 0, L_0x58b792070bc0;  1 drivers
v0x58b792069250_0 .net "n6", 0 0, L_0x58b792070d20;  1 drivers
v0x58b792069420_0 .net "n8", 0 0, L_0x58b792071500;  1 drivers
v0x58b7920694e0_0 .net "n9", 0 0, L_0x58b792071820;  1 drivers
    .scope S_0x58b792022630;
T_0 ;
    %vpi_call/w 3 18 "$dumpfile", "wave3.vcd" {0 0 0};
    %vpi_call/w 3 19 "$dumpvars", 32'sb00000000000000000000000000000000, S_0x58b792022630 {0 0 0};
    %pushi/vec4 0, 0, 4;
    %store/vec4 v0x58b79206a320_0, 0, 4;
    %pushi/vec4 0, 0, 4;
    %store/vec4 v0x58b79206a400_0, 0, 4;
    %pushi/vec4 0, 0, 1;
    %store/vec4 v0x58b79206a4a0_0, 0, 1;
    %delay 100000, 0;
    %vpi_call/w 3 23 "$display", "Time = %0t | a=%d b=%d cin=%d | sum=%d cout=%d", $time, v0x58b79206a320_0, v0x58b79206a400_0, v0x58b79206a4a0_0, v0x58b79206a5e0_0, v0x58b79206a540_0 {0 0 0};
    %pushi/vec4 15, 0, 4;
    %store/vec4 v0x58b79206a320_0, 0, 4;
    %pushi/vec4 0, 0, 4;
    %store/vec4 v0x58b79206a400_0, 0, 4;
    %pushi/vec4 1, 0, 1;
    %store/vec4 v0x58b79206a4a0_0, 0, 1;
    %delay 100000, 0;
    %vpi_call/w 3 27 "$display", "Time = %0t | a=%d b=%d cin=%d | sum=%d cout=%d", $time, v0x58b79206a320_0, v0x58b79206a400_0, v0x58b79206a4a0_0, v0x58b79206a5e0_0, v0x58b79206a540_0 {0 0 0};
    %pushi/vec4 1, 0, 4;
    %store/vec4 v0x58b79206a320_0, 0, 4;
    %pushi/vec4 0, 0, 4;
    %store/vec4 v0x58b79206a400_0, 0, 4;
    %pushi/vec4 0, 0, 1;
    %store/vec4 v0x58b79206a4a0_0, 0, 1;
    %delay 100000, 0;
    %vpi_call/w 3 31 "$display", "Time = %0t | a=%d b=%d cin=%d | sum=%d cout=%d", $time, v0x58b79206a320_0, v0x58b79206a400_0, v0x58b79206a4a0_0, v0x58b79206a5e0_0, v0x58b79206a540_0 {0 0 0};
    %pushi/vec4 1, 0, 4;
    %store/vec4 v0x58b79206a320_0, 0, 4;
    %pushi/vec4 9, 0, 4;
    %store/vec4 v0x58b79206a400_0, 0, 4;
    %pushi/vec4 1, 0, 1;
    %store/vec4 v0x58b79206a4a0_0, 0, 1;
    %delay 100000, 0;
    %vpi_call/w 3 35 "$display", "Time = %0t | a=%d b=%d cin=%d | sum=%d cout=%d", $time, v0x58b79206a320_0, v0x58b79206a400_0, v0x58b79206a4a0_0, v0x58b79206a5e0_0, v0x58b79206a540_0 {0 0 0};
    %vpi_call/w 3 37 "$finish" {0 0 0};
    %end;
    .thread T_0;
# The file index is used to find the file name in the following table.
:file_names 5;
    "N/A";
    "<interactive>";
    "-";
    "Nand4BitAdder_tb.v";
    "Nand4BitAdder.v";
